<?xml version="1.0" encoding="UTF-8"?>
<!-- Generated by org.testng.reporters.JUnitReportReporter -->
<testsuite hostname="BAN-RAOPW10" name="com.qa.freecrm.testcases.LoginPageTest" tests="3" failures="0" timestamp="14 May 2018 10:48:26 GMT" time="37.532" errors="0">
  <testcase name="loginpagelogotest" time="10.842" classname="com.qa.freecrm.testcases.LoginPageTest"/>
  <testcase name="LoginPageLoginTest" time="15.853" classname="com.qa.freecrm.testcases.LoginPageTest"/>
  <testcase name="LoginPageTitleTest" time="10.837" classname="com.qa.freecrm.testcases.LoginPageTest"/>
</testsuite> <!-- com.qa.freecrm.testcases.LoginPageTest -->
