<?xml version="1.0" encoding="UTF-8"?>
<!-- Generated by org.testng.reporters.JUnitReportReporter -->
<testsuite hostname="BAN-RAOPW10" name="com.qa.freecrm.testcases.HomePageTest" tests="6" failures="0" timestamp="14 May 2018 10:48:26 GMT" time="335.696" errors="0">
  <testcase name="TaskPageclickTest" time="87.186" classname="com.qa.freecrm.testcases.HomePageTest"/>
  <testcase name="NewContactsTest" time="22.405" classname="com.qa.freecrm.testcases.HomePageTest"/>
  <testcase name="HomePageLogoTest" time="16.095" classname="com.qa.freecrm.testcases.HomePageTest"/>
  <testcase name="HomePageTitleTest" time="94.331" classname="com.qa.freecrm.testcases.HomePageTest"/>
  <testcase name="NewTaskTest" time="98.529" classname="com.qa.freecrm.testcases.HomePageTest"/>
  <testcase name="ContactsPageTest" time="17.150" classname="com.qa.freecrm.testcases.HomePageTest"/>
</testsuite> <!-- com.qa.freecrm.testcases.HomePageTest -->
